<?xml version="1.0" encoding="UTF-8"?>
<!-- Generated by org.testng.reporters.JUnitReportReporter -->
<testsuite skipped="0" hostname="SYS" name="GitHubProject.InvokeApplicationTest" tests="1" failures="0" timestamp="08 Jul 2018 06:05:02 GMT" time="64.492" errors="0">
  <testcase name="OpenApplication" time="64.492" classname="GitHubProject.InvokeApplicationTest"/>
</testsuite> <!-- GitHubProject.InvokeApplicationTest -->
