<?xml version="1.0" encoding="UTF-8"?>
<!-- Generated by org.testng.reporters.JUnitReportReporter -->
<testsuite skipped="0" hostname="SYS" name="GitHubProject.LoingandLogoutApplicationTest" tests="2" failures="0" timestamp="19 Jul 2018 14:12:08 GMT" time="50.441" errors="0">
  <testcase name="OpenApplication" time="47.150" classname="GitHubProject.LoingandLogoutApplicationTest"/>
  <testcase name="LogoutApplication" time="3.291" classname="GitHubProject.LoingandLogoutApplicationTest"/>
</testsuite> <!-- GitHubProject.LoingandLogoutApplicationTest -->
